<?xml version="1.0" encoding="UTF-8"?>
<!-- Generated by org.testng.reporters.JUnitReportReporter -->
<testsuite skipped="0" hostname="Gio" name="FilterTest" tests="1" failures="0" timestamp="27 Sep 2019 07:52:06 GMT" time="15.298" errors="0">
  <testcase name="f1" time="15.298" classname="FilterTest"/>
</testsuite> <!-- FilterTest -->
