<?xml version="1.0" encoding="UTF-8"?>
<!-- Generated by org.testng.reporters.JUnitReportReporter -->
<testsuite skipped="0" hostname="Gio" name="FilterTest" tests="4" failures="0" timestamp="27 Sep 2019 08:25:31 GMT" time="53.587" errors="0">
  <testcase name="f1" time="16.293" classname="FilterTest"/>
  <testcase name="f2" time="12.996" classname="FilterTest"/>
  <testcase name="f4" time="10.909" classname="FilterTest"/>
  <testcase name="f3" time="13.389" classname="FilterTest"/>
</testsuite> <!-- FilterTest -->
